<?xml version="1.0" encoding="UTF-8"?>
<testsuite xmlns:xsi="http://www.w3.org/2001/XMLSchema-instance" xsi:noNamespaceSchemaLocation="https://maven.apache.org/surefire/maven-surefire-plugin/xsd/surefire-test-report.xsd" name="com.example.crudapp.AppTest" time="0.037" tests="1" errors="0" skipped="0" failures="0">
  <properties>
    <property name="java.specification.version" value="17"/>
    <property name="sun.cpu.isalist" value="amd64"/>
    <property name="sun.jnu.encoding" value="Cp1252"/>
    <property name="java.class.path" value="D:\Tem\Pending Writing Works\Maven Project\crud-app\target\test-classes;D:\Tem\Pending Writing Works\Maven Project\crud-app\target\classes;C:\Users\madha\.m2\repository\junit\junit\4.11\junit-4.11.jar;C:\Users\madha\.m2\repository\org\hamcrest\hamcrest-core\1.3\hamcrest-core-1.3.jar;"/>
    <property name="java.vm.vendor" value="Oracle Corporation"/>
    <property name="sun.arch.data.model" value="64"/>
    <property name="user.variant" value=""/>
    <property name="java.vendor.url" value="https://java.oracle.com/"/>
    <property name="user.timezone" value="Asia/Calcutta"/>
    <property name="os.name" value="Windows 11"/>
    <property name="java.vm.specification.version" value="17"/>
    <property name="sun.java.launcher" value="SUN_STANDARD"/>
    <property name="user.country" value="IN"/>
    <property name="sun.boot.library.path" value="D:\Program files\Java\jdk-17\bin"/>
    <property name="sun.java.command" value="C:\Users\madha\AppData\Local\Temp\surefire15523687943048821704\surefirebooter16323373628691182987.jar C:\Users\madha\AppData\Local\Temp\surefire15523687943048821704 2024-10-15T01-02-25_403-jvmRun1 surefire8874366834685008070tmp surefire_03586359705064314589tmp"/>
    <property name="jdk.debug" value="release"/>
    <property name="surefire.test.class.path" value="D:\Tem\Pending Writing Works\Maven Project\crud-app\target\test-classes;D:\Tem\Pending Writing Works\Maven Project\crud-app\target\classes;C:\Users\madha\.m2\repository\junit\junit\4.11\junit-4.11.jar;C:\Users\madha\.m2\repository\org\hamcrest\hamcrest-core\1.3\hamcrest-core-1.3.jar;"/>
    <property name="sun.cpu.endian" value="little"/>
    <property name="user.home" value="C:\Users\madha"/>
    <property name="user.language" value="en"/>
    <property name="java.specification.vendor" value="Oracle Corporation"/>
    <property name="java.version.date" value="2024-04-16"/>
    <property name="java.home" value="D:\Program files\Java\jdk-17"/>
    <property name="file.separator" value="\"/>
    <property name="basedir" value="D:\Tem\Pending Writing Works\Maven Project\crud-app"/>
    <property name="java.vm.compressedOopsMode" value="Zero based"/>
    <property name="line.separator" value="&#10;"/>
    <property name="java.vm.specification.vendor" value="Oracle Corporation"/>
    <property name="java.specification.name" value="Java Platform API Specification"/>
    <property name="surefire.real.class.path" value="C:\Users\madha\AppData\Local\Temp\surefire15523687943048821704\surefirebooter16323373628691182987.jar"/>
    <property name="user.script" value=""/>
    <property name="sun.management.compiler" value="HotSpot 64-Bit Tiered Compilers"/>
    <property name="java.runtime.version" value="17.0.11+7-LTS-207"/>
    <property name="user.name" value="madha"/>
    <property name="path.separator" value=";"/>
    <property name="os.version" value="10.0"/>
    <property name="java.runtime.name" value="Java(TM) SE Runtime Environment"/>
    <property name="file.encoding" value="Cp1252"/>
    <property name="java.vm.name" value="Java HotSpot(TM) 64-Bit Server VM"/>
    <property name="localRepository" value="C:\Users\madha\.m2\repository"/>
    <property name="java.vendor.url.bug" value="https://bugreport.java.com/bugreport/"/>
    <property name="java.io.tmpdir" value="C:\Users\madha\AppData\Local\Temp\"/>
    <property name="java.version" value="17.0.11"/>
    <property name="user.dir" value="D:\Tem\Pending Writing Works\Maven Project\crud-app"/>
    <property name="os.arch" value="amd64"/>
    <property name="java.vm.specification.name" value="Java Virtual Machine Specification"/>
    <property name="sun.os.patch.level" value=""/>
    <property name="native.encoding" value="Cp1252"/>
    <property name="java.library.path" value="D:\Program files\Java\jdk-17\bin;C:\WINDOWS\Sun\Java\bin;C:\WINDOWS\system32;C:\WINDOWS;C:\Program Files\Common Files\Oracle\Java\javapath;C:\Python312\;C:\Python312\Scripts\;C:\Program Files (x86)\Python\Scripts\;C:\Program Files (x86)\Python\;C:\Program Files\Microsoft\jdk-11.0.16.101-hotspot\bin;C:\WINDOWS\system32;C:\WINDOWS;C:\WINDOWS\System32\Wbem;C:\WINDOWS\System32\WindowsPowerShell\v1.0\;C:\WINDOWS\System32\OpenSSH\;C:\Program Files\Microsoft SQL Server\150\Tools\Binn\;C:\Program Files\MATLAB\R2014a\runtime\win64;C:\Program Files\MATLAB\R2014a\bin;C:\Program Files\MATLAB\R2014a\polyspace\bin;C:\ProgramData\chocolatey\bin;C:\Program Files\Git\cmd;D:\Program files\MATLAB\R2014a\runtime\win64;D:\Program files\MATLAB\R2014a\bin;D:\Program files\Go\;D:\Languages\Flutter\flutter\bin;C:\Users\madha\AppData\Roaming\Python\Python311\Scripts;C:\Program Files\HP\HP One Agent;c:\Xilinx\bin\nt;D:\Program files\Java\jdk-17\bin;D:\ProgramFiles\Android\SDK\platform-tools;D:\ProgramFiles\Android\SDK\emulator;D:\Program files\Android\Android Studio\bin;D:\Program files\Android\Android Studio\bin\studio64.exe;D:\Program files\NodeJS\;C:\Users\madha\AppData\Roaming\npm\;D:\Program files\MongoDB\Server\mongosh-2.2.12-win32-x64\bin;D:\Program files\Redis\;C:\ProgramData\ComposerSetup\bin;D:\ProgramFiles\wamp64\bin\php\php8.1.29;D:\Program files\Maven\apache-maven-3.9.9\bin;C:\Python312\Scripts\;C:\Python312\;C:\Program Files (x86)\Python\Scripts\;C:\Program Files (x86)\Python\;D:\Program files\Java\jdk-17\bin;C:\WINDOWS\system32;C:\WINDOWS;C:\WINDOWS\System32\Wbem;C:\WINDOWS\System32\WindowsPowerShell\v1.0\;C:\WINDOWS\System32\OpenSSH\;C:\Program Files\Microsoft SQL Server\150\Tools\Binn\;C:\Program Files\MATLAB\R2014a\runtime\win64;C:\Program Files\MATLAB\R2014a\bin;C:\Program Files\MATLAB\R2014a\polyspace\bin;C:\ProgramData\chocolatey\bin;C:\Program Files\Git\cmd;D:\Program files\MATLAB\R2014a\runtime\win64;D:\Program files\MATLAB\R2014a\bin;D:\Program files\Go\;D:\Languages\Flutter\flutter\bin;C:\Users\madha\AppData\Roaming\Python\Python311\Scripts;C:\Program Files\HP\HP One Agent;c:\Xilinx\bin\nt;D:\ProgramFiles\Android\SDK\platform-tools;D:\ProgramFiles\Android\SDK\emulator;D:\Program files\Android\Android Studio\bin;D:\Program files\Android\Android Studio\bin\studio64.exe;D:\Program files\NodeJS\;D:\ProgramFiles\Android\SDK\tools\bin;C:\Users\madha\AppData\Local\Programs\Microsoft VS Code\bin;D:\Program files\Java\jdk-17\bin;C:\Users\madha\AppData\Roaming\npm\;D:\Program files\MongoDB\Server\mongosh-2.2.12-win32-x64\bin;D:\Program files\php-8.3.9;C:\Users\madha\AppData\Roaming\Composer\vendor\bin;."/>
    <property name="java.vm.info" value="mixed mode, sharing"/>
    <property name="java.vendor" value="Oracle Corporation"/>
    <property name="java.vm.version" value="17.0.11+7-LTS-207"/>
    <property name="sun.io.unicode.encoding" value="UnicodeLittle"/>
    <property name="java.class.version" value="61.0"/>
  </properties>
  <testcase name="shouldAnswerWithTrue" classname="com.example.crudapp.AppTest" time="0.002"/>
</testsuite>